[debug] [2023-07-20T16:31:49.453Z] ----------------------------------------------------------------------
[debug] [2023-07-20T16:31:49.455Z] Command:       C:\Program Files\nodejs\node.exe C:\Users\thiba\AppData\Roaming\npm\node_modules\firebase-tools\lib\bin\firebase.js init
[debug] [2023-07-20T16:31:49.455Z] CLI Version:   12.4.4
[debug] [2023-07-20T16:31:49.456Z] Platform:      win32
[debug] [2023-07-20T16:31:49.456Z] Node Version:  v18.12.1
[debug] [2023-07-20T16:31:49.457Z] Time:          Thu Jul 20 2023 18:31:49 GMT+0200 (heure d’été d’Europe centrale)
[debug] [2023-07-20T16:31:49.457Z] ----------------------------------------------------------------------
[debug] 
[debug] [2023-07-20T16:31:49.466Z] > command requires scopes: ["email","openid","https://www.googleapis.com/auth/cloudplatformprojects.readonly","https://www.googleapis.com/auth/firebase","https://www.googleapis.com/auth/cloud-platform"]
[debug] [2023-07-20T16:31:49.467Z] > authorizing via signed-in user (thibaultaxil@gmail.com)
[info] 
     ######## #### ########  ######## ########     ###     ######  ########
     ##        ##  ##     ## ##       ##     ##  ##   ##  ##       ##
     ######    ##  ########  ######   ########  #########  ######  ######
     ##        ##  ##    ##  ##       ##     ## ##     ##       ## ##
     ##       #### ##     ## ######## ########  ##     ##  ######  ########

You're about to initialize a Firebase project in this directory:

  C:\Users\thiba\Desktop\WebSite-launch

[info] 
=== Project Setup
[info] 
[info] First, let's associate this project directory with a Firebase project.
[info] You can create multiple project aliases by running firebase use --add, 
[info] but for now we'll just set up a default project.
[info] 
[info] i  If you want to create a project in a Google Cloud organization or folder, please use "firebase projects:create" instead, and return to this command when you've created the project. 
[debug] [2023-07-20T16:32:14.968Z] > refreshing access token with scopes: []
[debug] [2023-07-20T16:32:14.976Z] >>> [apiv2][query] POST https://www.googleapis.com/oauth2/v3/token [none]
[debug] [2023-07-20T16:32:14.977Z] >>> [apiv2][body] POST https://www.googleapis.com/oauth2/v3/token [omitted]
[debug] [2023-07-20T16:32:15.248Z] <<< [apiv2][status] POST https://www.googleapis.com/oauth2/v3/token 400
[debug] [2023-07-20T16:32:15.248Z] <<< [apiv2][body] POST https://www.googleapis.com/oauth2/v3/token [omitted]
[debug] [2023-07-20T16:32:15.250Z] >>> [apiv2][query] POST https://cloudresourcemanager.googleapis.com/v1/projects [none]
[debug] [2023-07-20T16:32:15.250Z] >>> [apiv2][body] POST https://cloudresourcemanager.googleapis.com/v1/projects {"projectId":"tetteior","name":"tetteior"}
[debug] [2023-07-20T16:32:16.247Z] <<< [apiv2][status] POST https://cloudresourcemanager.googleapis.com/v1/projects 401
[debug] [2023-07-20T16:32:16.248Z] <<< [apiv2][body] POST https://cloudresourcemanager.googleapis.com/v1/projects {"error":{"code":401,"message":"Request had invalid authentication credentials. Expected OAuth 2 access token, login cookie or other valid authentication credential. See https://developers.google.com/identity/sign-in/web/devconsole-project.","status":"UNAUTHENTICATED","details":[{"@type":"type.googleapis.com/google.rpc.ErrorInfo","reason":"ACCESS_TOKEN_TYPE_UNSUPPORTED","metadata":{"method":"google.cloudresourcemanager.v1.Projects.CreateProject","service":"cloudresourcemanager.googleapis.com"}}]}}
[debug] [2023-07-20T16:32:16.257Z] FirebaseError: HTTP Error: 401, Request had invalid authentication credentials. Expected OAuth 2 access token, login cookie or other valid authentication credential. See https://developers.google.com/identity/sign-in/web/devconsole-project.
    at responseToError (C:\Users\thiba\AppData\Roaming\npm\node_modules\firebase-tools\lib\responseToError.js:49:12)
    at RetryOperation._fn (C:\Users\thiba\AppData\Roaming\npm\node_modules\firebase-tools\lib\apiv2.js:289:77)
    at process.processTicksAndRejections (node:internal/process/task_queues:95:5)
[error] 
[error] Error: Failed to create project. See firebase-debug.log for more info.
[debug] [2023-07-20T16:41:05.357Z] ----------------------------------------------------------------------
[debug] [2023-07-20T16:41:05.360Z] Command:       C:\Program Files\nodejs\node.exe C:\Users\thiba\AppData\Roaming\npm\node_modules\firebase-tools\lib\bin\firebase.js projects:create
[debug] [2023-07-20T16:41:05.360Z] CLI Version:   12.4.4
[debug] [2023-07-20T16:41:05.361Z] Platform:      win32
[debug] [2023-07-20T16:41:05.361Z] Node Version:  v18.12.1
[debug] [2023-07-20T16:41:05.390Z] Time:          Thu Jul 20 2023 18:41:05 GMT+0200 (heure d’été d’Europe centrale)
[debug] [2023-07-20T16:41:05.390Z] ----------------------------------------------------------------------
[debug] 
[debug] [2023-07-20T16:41:05.401Z] > command requires scopes: ["email","openid","https://www.googleapis.com/auth/cloudplatformprojects.readonly","https://www.googleapis.com/auth/firebase","https://www.googleapis.com/auth/cloud-platform"]
[debug] [2023-07-20T16:41:05.401Z] > authorizing via signed-in user (thibaultaxil@gmail.com)
[debug] [2023-07-20T16:42:04.765Z] > refreshing access token with scopes: []
[debug] [2023-07-20T16:42:04.769Z] >>> [apiv2][query] POST https://www.googleapis.com/oauth2/v3/token [none]
[debug] [2023-07-20T16:42:04.769Z] >>> [apiv2][body] POST https://www.googleapis.com/oauth2/v3/token [omitted]
[debug] [2023-07-20T16:42:05.192Z] <<< [apiv2][status] POST https://www.googleapis.com/oauth2/v3/token 400
[debug] [2023-07-20T16:42:05.192Z] <<< [apiv2][body] POST https://www.googleapis.com/oauth2/v3/token [omitted]
[debug] [2023-07-20T16:42:05.193Z] >>> [apiv2][query] POST https://cloudresourcemanager.googleapis.com/v1/projects [none]
[debug] [2023-07-20T16:42:05.193Z] >>> [apiv2][body] POST https://cloudresourcemanager.googleapis.com/v1/projects {"projectId":"hgtfrde","name":"jhgtfreds"}
[debug] [2023-07-20T16:42:06.045Z] <<< [apiv2][status] POST https://cloudresourcemanager.googleapis.com/v1/projects 401
[debug] [2023-07-20T16:42:06.045Z] <<< [apiv2][body] POST https://cloudresourcemanager.googleapis.com/v1/projects {"error":{"code":401,"message":"Request had invalid authentication credentials. Expected OAuth 2 access token, login cookie or other valid authentication credential. See https://developers.google.com/identity/sign-in/web/devconsole-project.","status":"UNAUTHENTICATED","details":[{"@type":"type.googleapis.com/google.rpc.ErrorInfo","reason":"ACCESS_TOKEN_TYPE_UNSUPPORTED","metadata":{"method":"google.cloudresourcemanager.v1.Projects.CreateProject","service":"cloudresourcemanager.googleapis.com"}}]}}
[debug] [2023-07-20T16:42:06.051Z] FirebaseError: HTTP Error: 401, Request had invalid authentication credentials. Expected OAuth 2 access token, login cookie or other valid authentication credential. See https://developers.google.com/identity/sign-in/web/devconsole-project.
    at responseToError (C:\Users\thiba\AppData\Roaming\npm\node_modules\firebase-tools\lib\responseToError.js:49:12)
    at RetryOperation._fn (C:\Users\thiba\AppData\Roaming\npm\node_modules\firebase-tools\lib\apiv2.js:289:77)
    at process.processTicksAndRejections (node:internal/process/task_queues:95:5)
[error] 
[error] Error: Failed to create project. See firebase-debug.log for more info.
